Traceback (most recent call last):
  File "/opt/hostedtoolcache/Python/3.8.18/x64/lib/python3.8/site-packages/jupyter_cache/executors/utils.py", line 58, in single_nb_execution
    executenb(
  File "/opt/hostedtoolcache/Python/3.8.18/x64/lib/python3.8/site-packages/nbclient/client.py", line 1305, in execute
    return NotebookClient(nb=nb, resources=resources, km=km, **kwargs).execute()
  File "/opt/hostedtoolcache/Python/3.8.18/x64/lib/python3.8/site-packages/jupyter_core/utils/__init__.py", line 165, in wrapped
    return loop.run_until_complete(inner)
  File "/opt/hostedtoolcache/Python/3.8.18/x64/lib/python3.8/asyncio/base_events.py", line 616, in run_until_complete
    return future.result()
  File "/opt/hostedtoolcache/Python/3.8.18/x64/lib/python3.8/site-packages/nbclient/client.py", line 705, in async_execute
    await self.async_execute_cell(
  File "/opt/hostedtoolcache/Python/3.8.18/x64/lib/python3.8/site-packages/nbclient/client.py", line 1058, in async_execute_cell
    await self._check_raise_for_error(cell, cell_index, exec_reply)
  File "/opt/hostedtoolcache/Python/3.8.18/x64/lib/python3.8/site-packages/nbclient/client.py", line 914, in _check_raise_for_error
    raise CellExecutionError.from_cell_and_msg(cell, exec_reply_content)
nbclient.exceptions.CellExecutionError: An error occurred while executing the following cell:
------------------
from pygom import SquareLoss, common_models

import copy, time, numpy

Iode = common_models.SIR()

paramEval = [('beta',0.5), ('gamma',1.0/3.0) ]

# the initial state, normalized to zero one

x0 = [1., 1.27e-6, 0.]

# initial time

t0 = 0

ode.parameters = paramEval

ode.initial_values = (x0, t0)

# set the time sequence that we would like to observe

t = numpy.linspace(1, 150, 100)

numStep = len(t)

solution = ode.integrate(t)

y = solution[1::,2].copy()

y += numpy.random.normal(0, 0.1, y.shape)

------------------


[0;31m---------------------------------------------------------------------------[0m
[0;31mNameError[0m                                 Traceback (most recent call last)
Cell [0;32mIn[1], line 17[0m
[1;32m     13[0m [38;5;66;03m# initial time[39;00m
[1;32m     15[0m t0 [38;5;241m=[39m [38;5;241m0[39m
[0;32m---> 17[0m [43mode[49m[38;5;241m.[39mparameters [38;5;241m=[39m paramEval
[1;32m     19[0m ode[38;5;241m.[39minitial_values [38;5;241m=[39m (x0, t0)
[1;32m     21[0m [38;5;66;03m# set the time sequence that we would like to observe[39;00m

[0;31mNameError[0m: name 'ode' is not defined

